\BOOKMARK [0][-]{chapter.1}{\376\377\000i\000P\000e\000r\000c\000\040\000M\000a\000n\000u\000a\000l}{}% 1
\BOOKMARK [1][-]{section.1.1}{\376\377\000I\000n\000t\000r\000o\000d\000u\000c\000t\000i\000o\000n}{chapter.1}% 2
\BOOKMARK [1][-]{section.1.2}{\376\377\000L\000i\000c\000e\000n\000c\000e}{chapter.1}% 3
\BOOKMARK [1][-]{section.1.3}{\376\377\000R\000e\000f\000e\000r\000e\000n\000c\000e\000s}{chapter.1}% 4
\BOOKMARK [1][-]{section.1.4}{\376\377\000I\000n\000s\000t\000a\000l\000l\000a\000t\000i\000o\000n}{chapter.1}% 5
\BOOKMARK [2][-]{subsection.1.4.1}{\376\377\000P\000r\000e\000r\000e\000q\000u\000i\000s\000i\000t\000e\000s}{section.1.4}% 6
\BOOKMARK [2][-]{subsection.1.4.2}{\376\377\000s\000t\000a\000r\000t\000e\000d}{section.1.4}% 7
\BOOKMARK [2][-]{subsection.1.4.3}{\376\377\000a\000n\000d\000\040\000c\000o\000m\000p\000i\000l\000i\000n\000g\000\040\000n\000e\000w\000\040\000p\000r\000o\000j\000e\000c\000t\000s}{section.1.4}% 8
\BOOKMARK [0][-]{chapter.2}{\376\377\000D\000a\000t\000a\000\040\000T\000y\000p\000e\000\040\000I\000n\000d\000e\000x}{}% 9
\BOOKMARK [1][-]{section.2.1}{\376\377\000C\000l\000a\000s\000s\000\040\000L\000i\000s\000t}{chapter.2}% 10
\BOOKMARK [0][-]{chapter.3}{\376\377\000F\000i\000l\000e\000\040\000I\000n\000d\000e\000x}{}% 11
\BOOKMARK [1][-]{section.3.1}{\376\377\000F\000i\000l\000e\000\040\000L\000i\000s\000t}{chapter.3}% 12
\BOOKMARK [0][-]{chapter.4}{\376\377\000D\000a\000t\000a\000\040\000T\000y\000p\000e\000\040\000D\000o\000c\000u\000m\000e\000n\000t\000a\000t\000i\000o\000n}{}% 13
\BOOKMARK [1][-]{section.4.1}{\376\377\000m\000o\000d\000u\000l\000e\000\137\000b\000i\000n\000a\000r\000y\000\137\000t\000r\000e\000e\000\040\000M\000o\000d\000u\000l\000e\000\040\000R\000e\000f\000e\000r\000e\000n\000c\000e}{chapter.4}% 14
\BOOKMARK [2][-]{subsection.4.1.1}{\376\377\000D\000e\000t\000a\000i\000l\000e\000d\000\040\000D\000e\000s\000c\000r\000i\000p\000t\000i\000o\000n}{section.4.1}% 15
\BOOKMARK [2][-]{subsection.4.1.2}{\376\377\000M\000e\000m\000b\000e\000r\000\040\000F\000u\000n\000c\000t\000i\000o\000n\000/\000S\000u\000b\000r\000o\000u\000t\000i\000n\000e\000\040\000D\000o\000c\000u\000m\000e\000n\000t\000a\000t\000i\000o\000n}{section.4.1}% 16
\BOOKMARK [3][-]{subsubsection.4.1.2.1}{\376\377\000a\000d\000d\000\137\000b\000r\000a\000n\000c\000h}{subsection.4.1.2}% 17
\BOOKMARK [3][-]{subsubsection.4.1.2.2}{\376\377\000a\000l\000l\000o\000c\000a\000t\000e\000\137\000b\000i\000n\000a\000r\000y\000\137\000t\000r\000e\000e}{subsection.4.1.2}% 18
\BOOKMARK [3][-]{subsubsection.4.1.2.3}{\376\377\000d\000e\000a\000l\000l\000o\000c\000a\000t\000e\000\137\000b\000i\000n\000a\000r\000y\000\137\000t\000r\000e\000e}{subsection.4.1.2}% 19
\BOOKMARK [3][-]{subsubsection.4.1.2.4}{\376\377\000s\000w\000a\000p}{subsection.4.1.2}% 20
\BOOKMARK [3][-]{subsubsection.4.1.2.5}{\376\377\000u\000p\000d\000a\000t\000e\000\137\000t\000r\000e\000e\000\137\000r\000o\000o\000t}{subsection.4.1.2}% 21
\BOOKMARK [2][-]{subsection.4.1.3}{\376\377\000M\000e\000m\000b\000e\000r\000\040\000D\000a\000t\000a\000\040\000D\000o\000c\000u\000m\000e\000n\000t\000a\000t\000i\000o\000n}{section.4.1}% 22
\BOOKMARK [3][-]{subsubsection.4.1.3.1}{\376\377\000t\000r\000e\000e}{subsection.4.1.3}% 23
\BOOKMARK [3][-]{subsubsection.4.1.3.2}{\376\377\000t\000r\000e\000e\000d\000i\000m}{subsection.4.1.3}% 24
\BOOKMARK [1][-]{section.4.2}{\376\377\000m\000o\000d\000u\000l\000e\000\137\000c\000u\000b\000i\000c\000\137\000i\000n\000d\000i\000c\000e\000s\000\040\000M\000o\000d\000u\000l\000e\000\040\000R\000e\000f\000e\000r\000e\000n\000c\000e}{chapter.4}% 25
\BOOKMARK [2][-]{subsection.4.2.1}{\376\377\000D\000e\000t\000a\000i\000l\000e\000d\000\040\000D\000e\000s\000c\000r\000i\000p\000t\000i\000o\000n}{section.4.2}% 26
\BOOKMARK [2][-]{subsection.4.2.2}{\376\377\000M\000e\000m\000b\000e\000r\000\040\000F\000u\000n\000c\000t\000i\000o\000n\000/\000S\000u\000b\000r\000o\000u\000t\000i\000n\000e\000\040\000D\000o\000c\000u\000m\000e\000n\000t\000a\000t\000i\000o\000n}{section.4.2}% 27
\BOOKMARK [3][-]{subsubsection.4.2.2.1}{\376\377\000i\000j\000k\0002\000i\000n\000d}{subsection.4.2.2}% 28
\BOOKMARK [3][-]{subsubsection.4.2.2.2}{\376\377\000i\000n\000d\0002\000i\000j\000k}{subsection.4.2.2}% 29
\BOOKMARK [1][-]{section.4.3}{\376\377\000m\000o\000d\000u\000l\000e\000\137\000d\000i\000s\000j\000o\000i\000n\000t\000\137\000s\000e\000t\000\040\000M\000o\000d\000u\000l\000e\000\040\000R\000e\000f\000e\000r\000e\000n\000c\000e}{chapter.4}% 30
\BOOKMARK [2][-]{subsection.4.3.1}{\376\377\000D\000e\000t\000a\000i\000l\000e\000d\000\040\000D\000e\000s\000c\000r\000i\000p\000t\000i\000o\000n}{section.4.3}% 31
\BOOKMARK [2][-]{subsection.4.3.2}{\376\377\000M\000e\000m\000b\000e\000r\000\040\000F\000u\000n\000c\000t\000i\000o\000n\000/\000S\000u\000b\000r\000o\000u\000t\000i\000n\000e\000\040\000D\000o\000c\000u\000m\000e\000n\000t\000a\000t\000i\000o\000n}{section.4.3}% 32
\BOOKMARK [3][-]{subsubsection.4.3.2.1}{\376\377\000a\000l\000l\000o\000c\000a\000t\000e\000\137\000d\000i\000s\000j\000o\000i\000n\000t\000\137\000s\000e\000t}{subsection.4.3.2}% 33
\BOOKMARK [3][-]{subsubsection.4.3.2.2}{\376\377\000c\000r\000e\000a\000t\000e\000\137\000s\000e\000t}{subsection.4.3.2}% 34
\BOOKMARK [3][-]{subsubsection.4.3.2.3}{\376\377\000d\000e\000a\000l\000l\000o\000c\000a\000t\000e\000\137\000d\000i\000s\000j\000o\000i\000n\000t\000\137\000s\000e\000t}{subsection.4.3.2}% 35
\BOOKMARK [3][-]{subsubsection.4.3.2.4}{\376\377\000f\000i\000n\000d}{subsection.4.3.2}% 36
\BOOKMARK [3][-]{subsubsection.4.3.2.5}{\376\377\000u\000n\000i\000o\000n}{subsection.4.3.2}% 37
\BOOKMARK [2][-]{subsection.4.3.3}{\376\377\000M\000e\000m\000b\000e\000r\000\040\000D\000a\000t\000a\000\040\000D\000o\000c\000u\000m\000e\000n\000t\000a\000t\000i\000o\000n}{section.4.3}% 38
\BOOKMARK [3][-]{subsubsection.4.3.3.1}{\376\377\000l\000a\000b\000e\000l\000s}{subsection.4.3.3}% 39
\BOOKMARK [3][-]{subsubsection.4.3.3.2}{\376\377\000l\000a\000r\000g\000e\000s\000t\000\137\000l\000a\000b\000e\000l}{subsection.4.3.3}% 40
\BOOKMARK [3][-]{subsubsection.4.3.3.3}{\376\377\000r\000a\000n\000k\000s}{subsection.4.3.3}% 41
\BOOKMARK [1][-]{section.4.4}{\376\377\000m\000o\000d\000u\000l\000e\000\137\000g\000r\000a\000v\000i\000t\000y\000\040\000M\000o\000d\000u\000l\000e\000\040\000R\000e\000f\000e\000r\000e\000n\000c\000e}{chapter.4}% 42
\BOOKMARK [2][-]{subsection.4.4.1}{\376\377\000D\000e\000t\000a\000i\000l\000e\000d\000\040\000D\000e\000s\000c\000r\000i\000p\000t\000i\000o\000n}{section.4.4}% 43
\BOOKMARK [2][-]{subsection.4.4.2}{\376\377\000M\000e\000m\000b\000e\000r\000\040\000F\000u\000n\000c\000t\000i\000o\000n\000/\000S\000u\000b\000r\000o\000u\000t\000i\000n\000e\000\040\000D\000o\000c\000u\000m\000e\000n\000t\000a\000t\000i\000o\000n}{section.4.4}% 44
\BOOKMARK [3][-]{subsubsection.4.4.2.1}{\376\377\000a\000d\000d\000\137\000g\000r\000a\000v\000i\000t\000y\000\137\000a\000r\000b\000i\000t\000r\000a\000r\000y\000\137\000l\000a\000t\000t\000i\000c\000e}{subsection.4.4.2}% 45
\BOOKMARK [3][-]{subsubsection.4.4.2.2}{\376\377\000a\000d\000d\000\137\000g\000r\000a\000v\000i\000t\000y\000\137\000c\000u\000b\000i\000c\000\137\000l\000a\000t\000t\000i\000c\000e}{subsection.4.4.2}% 46
\BOOKMARK [1][-]{section.4.5}{\376\377\000m\000o\000d\000u\000l\000e\000\137\000i\000n\000t\000e\000r\000p\000o\000l\000a\000t\000i\000o\000n\000\040\000M\000o\000d\000u\000l\000e\000\040\000R\000e\000f\000e\000r\000e\000n\000c\000e}{chapter.4}% 47
\BOOKMARK [2][-]{subsection.4.5.1}{\376\377\000M\000e\000m\000b\000e\000r\000\040\000F\000u\000n\000c\000t\000i\000o\000n\000/\000S\000u\000b\000r\000o\000u\000t\000i\000n\000e\000\040\000D\000o\000c\000u\000m\000e\000n\000t\000a\000t\000i\000o\000n}{section.4.5}% 48
\BOOKMARK [3][-]{subsubsection.4.5.1.1}{\376\377\000b\000i\000l\000i\000n\000e\000a\000r\000\137\000i\000n\000t\000e\000r\000p\000o\000l\000a\000t\000i\000o\000n}{subsection.4.5.1}% 49
\BOOKMARK [3][-]{subsubsection.4.5.1.2}{\376\377\000l\000i\000n\000e\000a\000r\000\137\000i\000n\000t\000e\000r\000p\000o\000l\000a\000t\000i\000o\000n}{subsection.4.5.1}% 50
\BOOKMARK [3][-]{subsubsection.4.5.1.3}{\376\377\000t\000r\000i\000l\000i\000n\000e\000a\000r\000\137\000i\000t\000e\000r\000p\000o\000l\000a\000t\000i\000o\000n}{subsection.4.5.1}% 51
\BOOKMARK [1][-]{section.4.6}{\376\377\000m\000o\000d\000u\000l\000e\000\137\000i\000n\000v\000a\000s\000i\000o\000n\000\137\000p\000e\000r\000c\000o\000l\000a\000t\000i\000o\000n\000\040\000M\000o\000d\000u\000l\000e\000\040\000R\000e\000f\000e\000r\000e\000n\000c\000e}{chapter.4}% 52
\BOOKMARK [2][-]{subsection.4.6.1}{\376\377\000M\000e\000m\000b\000e\000r\000\040\000F\000u\000n\000c\000t\000i\000o\000n\000/\000S\000u\000b\000r\000o\000u\000t\000i\000n\000e\000\040\000D\000o\000c\000u\000m\000e\000n\000t\000a\000t\000i\000o\000n}{section.4.6}% 53
\BOOKMARK [3][-]{subsubsection.4.6.1.1}{\376\377\000i\000n\000v\000a\000d\000e\000\137\000a\000r\000b\000i\000t\000r\000a\000r\000y\000\137\000l\000a\000t\000t\000i\000c\000e\000\137\000f\000a\000s\000t}{subsection.4.6.1}% 54
\BOOKMARK [3][-]{subsubsection.4.6.1.2}{\376\377\000i\000n\000v\000a\000d\000e\000\137\000a\000r\000b\000i\000t\000r\000a\000r\000y\000\137\000l\000a\000t\000t\000i\000c\000e\000\137\000s\000i\000m\000p\000l\000e}{subsection.4.6.1}% 55
\BOOKMARK [3][-]{subsubsection.4.6.1.3}{\376\377\000i\000n\000v\000a\000d\000e\000\137\000c\000u\000b\000i\000c\000\137\000l\000a\000t\000t\000i\000c\000e\000\137\000f\000a\000s\000t}{subsection.4.6.1}% 56
\BOOKMARK [3][-]{subsubsection.4.6.1.4}{\376\377\000i\000n\000v\000a\000d\000e\000\137\000c\000u\000b\000i\000c\000\137\000l\000a\000t\000t\000i\000c\000e\000\137\000s\000i\000m\000p\000l\000e}{subsection.4.6.1}% 57
\BOOKMARK [1][-]{section.4.7}{\376\377\000m\000o\000d\000u\000l\000e\000\137\000i\000n\000v\000a\000s\000i\000o\000n\000\137\000p\000e\000r\000c\000o\000l\000a\000t\000i\000o\000n\000\137\000c\000o\000n\000s\000t\000a\000n\000t\000s\000\040\000M\000o\000d\000u\000l\000e\000\040\000R\000e\000f\000e\000r\000e\000n\000c\000e}{chapter.4}% 58
\BOOKMARK [2][-]{subsection.4.7.1}{\376\377\000D\000e\000t\000a\000i\000l\000e\000d\000\040\000D\000e\000s\000c\000r\000i\000p\000t\000i\000o\000n}{section.4.7}% 59
\BOOKMARK [2][-]{subsection.4.7.2}{\376\377\000M\000e\000m\000b\000e\000r\000\040\000D\000a\000t\000a\000\040\000D\000o\000c\000u\000m\000e\000n\000t\000a\000t\000i\000o\000n}{section.4.7}% 60
\BOOKMARK [3][-]{subsubsection.4.7.2.1}{\376\377\000E\000X\000I\000T\000\137\000S\000I\000T\000E}{subsection.4.7.2}% 61
\BOOKMARK [3][-]{subsubsection.4.7.2.2}{\376\377\000I\000N\000V\000A\000D\000E\000D}{subsection.4.7.2}% 62
\BOOKMARK [3][-]{subsubsection.4.7.2.3}{\376\377\000N\000E\000I\000G\000H\000B\000O\000R\000I\000N\000G}{subsection.4.7.2}% 63
\BOOKMARK [3][-]{subsubsection.4.7.2.4}{\376\377\000N\000O\000T\000\137\000I\000N\000V\000A\000D\000E\000D}{subsection.4.7.2}% 64
\BOOKMARK [3][-]{subsubsection.4.7.2.5}{\376\377\000T\000R\000A\000P\000P\000E\000D}{subsection.4.7.2}% 65
\BOOKMARK [1][-]{section.4.8}{\376\377\000m\000o\000d\000u\000l\000e\000\137\000l\000a\000b\000e\000l\000\137\000c\000l\000u\000s\000t\000e\000r\000s\000\040\000M\000o\000d\000u\000l\000e\000\040\000R\000e\000f\000e\000r\000e\000n\000c\000e}{chapter.4}% 66
\BOOKMARK [2][-]{subsection.4.8.1}{\376\377\000D\000e\000t\000a\000i\000l\000e\000d\000\040\000D\000e\000s\000c\000r\000i\000p\000t\000i\000o\000n}{section.4.8}% 67
\BOOKMARK [2][-]{subsection.4.8.2}{\376\377\000M\000e\000m\000b\000e\000r\000\040\000F\000u\000n\000c\000t\000i\000o\000n\000/\000S\000u\000b\000r\000o\000u\000t\000i\000n\000e\000\040\000D\000o\000c\000u\000m\000e\000n\000t\000a\000t\000i\000o\000n}{section.4.8}% 68
\BOOKMARK [3][-]{subsubsection.4.8.2.1}{\376\377\000g\000e\000t\000\137\000l\000a\000b\000e\000l\000\137\000m\000a\000t}{subsection.4.8.2}% 69
\BOOKMARK [3][-]{subsubsection.4.8.2.2}{\376\377\000l\000a\000b\000e\000l\000\137\000c\000l\000u\000s\000t\000e\000r\000s\000\137\000a\000r\000b\000i\000t\000r\000a\000r\000y}{subsection.4.8.2}% 70
\BOOKMARK [3][-]{subsubsection.4.8.2.3}{\376\377\000l\000a\000b\000e\000l\000\137\000c\000l\000u\000s\000t\000e\000r\000s\000\137\000c\000u\000b\000i\000c}{subsection.4.8.2}% 71
\BOOKMARK [1][-]{section.4.9}{\376\377\000m\000o\000d\000u\000l\000e\000\137\000r\000a\000n\000d\000o\000m\000\137\000m\000e\000d\000i\000a\000\040\000M\000o\000d\000u\000l\000e\000\040\000R\000e\000f\000e\000r\000e\000n\000c\000e}{chapter.4}% 72
\BOOKMARK [2][-]{subsection.4.9.1}{\376\377\000D\000e\000t\000a\000i\000l\000e\000d\000\040\000D\000e\000s\000c\000r\000i\000p\000t\000i\000o\000n}{section.4.9}% 73
\BOOKMARK [2][-]{subsection.4.9.2}{\376\377\000M\000e\000m\000b\000e\000r\000\040\000F\000u\000n\000c\000t\000i\000o\000n\000/\000S\000u\000b\000r\000o\000u\000t\000i\000n\000e\000\040\000D\000o\000c\000u\000m\000e\000n\000t\000a\000t\000i\000o\000n}{section.4.9}% 74
\BOOKMARK [3][-]{subsubsection.4.9.2.1}{\376\377\000f\000o\000u\000r\000n}{subsection.4.9.2}% 75
\BOOKMARK [3][-]{subsubsection.4.9.2.2}{\376\377\000g\000e\000n\000\137\000r\000a\000n\000d\000o\000m\000\137\000m\000e\000d\000i\000a\000\137\0002\000D}{subsection.4.9.2}% 76
\BOOKMARK [3][-]{subsubsection.4.9.2.3}{\376\377\000g\000e\000n\000\137\000r\000a\000n\000d\000o\000m\000\137\000m\000e\000d\000i\000a\000\137\0003\000D}{subsection.4.9.2}% 77
\BOOKMARK [1][-]{section.4.10}{\376\377\000m\000o\000d\000u\000l\000e\000\137\000t\000r\000a\000p\000p\000i\000n\000g\000\040\000M\000o\000d\000u\000l\000e\000\040\000R\000e\000f\000e\000r\000e\000n\000c\000e}{chapter.4}% 78
\BOOKMARK [2][-]{subsection.4.10.1}{\376\377\000D\000e\000t\000a\000i\000l\000e\000d\000\040\000D\000e\000s\000c\000r\000i\000p\000t\000i\000o\000n}{section.4.10}% 79
\BOOKMARK [2][-]{subsection.4.10.2}{\376\377\000M\000e\000m\000b\000e\000r\000\040\000F\000u\000n\000c\000t\000i\000o\000n\000/\000S\000u\000b\000r\000o\000u\000t\000i\000n\000e\000\040\000D\000o\000c\000u\000m\000e\000n\000t\000a\000t\000i\000o\000n}{section.4.10}% 80
\BOOKMARK [3][-]{subsubsection.4.10.2.1}{\376\377\000f\000i\000n\000d\000\137\000t\000r\000a\000p\000p\000e\000d\000\137\000s\000i\000t\000e\000s\000\137\000a\000r\000b\000i\000t\000r\000a\000r\000y}{subsection.4.10.2}% 81
\BOOKMARK [3][-]{subsubsection.4.10.2.2}{\376\377\000f\000i\000n\000d\000\137\000t\000r\000a\000p\000p\000e\000d\000\137\000s\000i\000t\000e\000s\000\137\000c\000u\000b\000i\000c}{subsection.4.10.2}% 82
\BOOKMARK [3][-]{subsubsection.4.10.2.3}{\376\377\000g\000e\000t\000\137\000l\000a\000b\000e\000l\000\137\000f\000r\000e\000e\000\137\000c\000l\000u\000s\000t\000e\000r\000s}{subsection.4.10.2}% 83
\BOOKMARK [3][-]{subsubsection.4.10.2.4}{\376\377\000g\000e\000t\000\137\000t\000r\000a\000p\000p\000i\000n\000g\000\137\000t\000i\000m\000e\000s\000\137\000a\000r\000b\000i\000t\000r\000a\000r\000y}{subsection.4.10.2}% 84
\BOOKMARK [1][-]{section.4.11}{\376\377\000m\000o\000d\000u\000l\000e\000\137\000w\000r\000i\000t\000e\000\137\000o\000u\000t\000p\000u\000t\000\137\000f\000i\000l\000e\000s\000\040\000M\000o\000d\000u\000l\000e\000\040\000R\000e\000f\000e\000r\000e\000n\000c\000e}{chapter.4}% 85
\BOOKMARK [2][-]{subsection.4.11.1}{\376\377\000D\000e\000t\000a\000i\000l\000e\000d\000\040\000D\000e\000s\000c\000r\000i\000p\000t\000i\000o\000n}{section.4.11}% 86
\BOOKMARK [2][-]{subsection.4.11.2}{\376\377\000M\000e\000m\000b\000e\000r\000\040\000F\000u\000n\000c\000t\000i\000o\000n\000/\000S\000u\000b\000r\000o\000u\000t\000i\000n\000e\000\040\000D\000o\000c\000u\000m\000e\000n\000t\000a\000t\000i\000o\000n}{section.4.11}% 87
\BOOKMARK [3][-]{subsubsection.4.11.2.1}{\376\377\000f\000u\000n\000n\000y\000\137\0003\000D}{subsection.4.11.2}% 88
\BOOKMARK [3][-]{subsubsection.4.11.2.2}{\376\377\000w\000r\000i\000t\000e\000\137\000a\000r\000b\000i\000t\000r\000a\000r\000y\000\137\000l\000a\000t\000t\000i\000c\000e\000\137\000t\000o\000\137\000v\000t\000k}{subsection.4.11.2}% 89
\BOOKMARK [3][-]{subsubsection.4.11.2.3}{\376\377\000w\000r\000i\000t\000e\000\137\000c\000u\000b\000i\000c\000\137\000l\000a\000t\000t\000i\000c\000e\000\137\000t\000o\000\137\000v\000t\000k\000\137\000c\000e\000l\000l\000s}{subsection.4.11.2}% 90
\BOOKMARK [3][-]{subsubsection.4.11.2.4}{\376\377\000w\000r\000i\000t\000e\000\137\000c\000u\000b\000i\000c\000\137\000l\000a\000t\000t\000i\000c\000e\000\137\000t\000o\000\137\000v\000t\000k\000\137\000p\000o\000i\000n\000t\000s}{subsection.4.11.2}% 91
\BOOKMARK [3][-]{subsubsection.4.11.2.5}{\376\377\000w\000r\000i\000t\000e\000\137\000i\000n\000v\000a\000s\000i\000o\000n\000\137\000l\000i\000s\000t\000\137\000a\000r\000b\000i\000t\000r\000a\000r\000y\000\137\000t\000o\000\137\000c\000s\000v}{subsection.4.11.2}% 92
\BOOKMARK [3][-]{subsubsection.4.11.2.6}{\376\377\000w\000r\000i\000t\000e\000\137\000i\000n\000v\000a\000s\000i\000o\000n\000\137\000l\000i\000s\000t\000\137\000a\000r\000b\000i\000t\000r\000a\000r\000y\000\137\000t\000o\000\137\000v\000t\000k}{subsection.4.11.2}% 93
\BOOKMARK [3][-]{subsubsection.4.11.2.7}{\376\377\000w\000r\000i\000t\000e\000\137\000i\000n\000v\000a\000s\000i\000o\000n\000\137\000l\000i\000s\000t\000\137\000c\000u\000b\000i\000c\000\137\000t\000o\000\137\000c\000s\000v}{subsection.4.11.2}% 94
\BOOKMARK [3][-]{subsubsection.4.11.2.8}{\376\377\000w\000r\000i\000t\000e\000\137\000i\000n\000v\000a\000s\000i\000o\000n\000\137\000l\000i\000s\000t\000\137\000c\000u\000b\000i\000c\000\137\000t\000o\000\137\000v\000t\000k}{subsection.4.11.2}% 95
\BOOKMARK [0][-]{chapter.5}{\376\377\000F\000i\000l\000e\000\040\000D\000o\000c\000u\000m\000e\000n\000t\000a\000t\000i\000o\000n}{}% 96
\BOOKMARK [1][-]{section.5.1}{\376\377\000e\000x\000a\000m\000p\000l\000e\000s\000/\000s\000r\000c\000/\000e\000x\000a\000m\000p\000l\000e\000\137\0001\000.\000f\0009\0000\000\040\000F\000i\000l\000e\000\040\000R\000e\000f\000e\000r\000e\000n\000c\000e}{chapter.5}% 97
\BOOKMARK [2][-]{subsection.5.1.1}{\376\377\000F\000u\000n\000c\000t\000i\000o\000n\000/\000S\000u\000b\000r\000o\000u\000t\000i\000n\000e\000\040\000D\000o\000c\000u\000m\000e\000n\000t\000a\000t\000i\000o\000n}{section.5.1}% 98
\BOOKMARK [3][-]{subsubsection.5.1.1.1}{\376\377\000e\000x\000a\000m\000p\000l\000e\000\137\0001}{subsection.5.1.1}% 99
\BOOKMARK [1][-]{section.5.2}{\376\377\000e\000x\000a\000m\000p\000l\000e\000s\000/\000s\000r\000c\000/\000e\000x\000a\000m\000p\000l\000e\000\137\0002\000.\000f\0009\0000\000\040\000F\000i\000l\000e\000\040\000R\000e\000f\000e\000r\000e\000n\000c\000e}{chapter.5}% 100
\BOOKMARK [2][-]{subsection.5.2.1}{\376\377\000F\000u\000n\000c\000t\000i\000o\000n\000/\000S\000u\000b\000r\000o\000u\000t\000i\000n\000e\000\040\000D\000o\000c\000u\000m\000e\000n\000t\000a\000t\000i\000o\000n}{section.5.2}% 101
\BOOKMARK [3][-]{subsubsection.5.2.1.1}{\376\377\000e\000x\000a\000m\000p\000l\000e\000\137\0002}{subsection.5.2.1}% 102
\BOOKMARK [1][-]{section.5.3}{\376\377\000e\000x\000a\000m\000p\000l\000e\000s\000/\000s\000r\000c\000/\000t\000e\000s\000t\000\137\000b\000i\000n\000a\000r\000y\000\137\000t\000r\000e\000e\000.\000f\0009\0000\000\040\000F\000i\000l\000e\000\040\000R\000e\000f\000e\000r\000e\000n\000c\000e}{chapter.5}% 103
\BOOKMARK [2][-]{subsection.5.3.1}{\376\377\000F\000u\000n\000c\000t\000i\000o\000n\000/\000S\000u\000b\000r\000o\000u\000t\000i\000n\000e\000\040\000D\000o\000c\000u\000m\000e\000n\000t\000a\000t\000i\000o\000n}{section.5.3}% 104
\BOOKMARK [3][-]{subsubsection.5.3.1.1}{\376\377\000t\000e\000s\000t\000\137\000b\000i\000n\000a\000r\000y\000\137\000t\000r\000e\000e}{subsection.5.3.1}% 105
\BOOKMARK [1][-]{section.5.4}{\376\377\000e\000x\000a\000m\000p\000l\000e\000s\000/\000s\000r\000c\000/\000t\000e\000s\000t\000\137\000d\000i\000s\000j\000o\000i\000n\000t\000\137\000s\000e\000t\000.\000f\0009\0000\000\040\000F\000i\000l\000e\000\040\000R\000e\000f\000e\000r\000e\000n\000c\000e}{chapter.5}% 106
\BOOKMARK [2][-]{subsection.5.4.1}{\376\377\000F\000u\000n\000c\000t\000i\000o\000n\000/\000S\000u\000b\000r\000o\000u\000t\000i\000n\000e\000\040\000D\000o\000c\000u\000m\000e\000n\000t\000a\000t\000i\000o\000n}{section.5.4}% 107
\BOOKMARK [3][-]{subsubsection.5.4.1.1}{\376\377\000t\000e\000s\000t\000\137\000d\000i\000s\000j\000o\000i\000n\000t\000\137\000s\000e\000t}{subsection.5.4.1}% 108
\BOOKMARK [1][-]{section.5.5}{\376\377\000e\000x\000a\000m\000p\000l\000e\000s\000/\000s\000r\000c\000/\000t\000e\000s\000t\000\137\000i\000n\000v\000a\000s\000i\000o\000n\000\137\000p\000e\000r\000c\000o\000l\000a\000t\000i\000o\000n\000.\000f\0009\0000\000\040\000F\000i\000l\000e\000\040\000R\000e\000f\000e\000r\000e\000n\000c\000e}{chapter.5}% 109
\BOOKMARK [2][-]{subsection.5.5.1}{\376\377\000F\000u\000n\000c\000t\000i\000o\000n\000/\000S\000u\000b\000r\000o\000u\000t\000i\000n\000e\000\040\000D\000o\000c\000u\000m\000e\000n\000t\000a\000t\000i\000o\000n}{section.5.5}% 110
\BOOKMARK [3][-]{subsubsection.5.5.1.1}{\376\377\000t\000e\000s\000t\000\137\000i\000n\000v\000a\000s\000i\000o\000n\000\137\000p\000e\000r\000c\000o\000l\000a\000t\000i\000o\000n}{subsection.5.5.1}% 111
\BOOKMARK [1][-]{section.5.6}{\376\377\000m\000o\000d\000u\000l\000e\000s\000/\000s\000r\000c\000/\000m\000o\000d\000u\000l\000e\000\137\000b\000i\000n\000a\000r\000y\000\137\000t\000r\000e\000e\000.\000f\0009\0000\000\040\000F\000i\000l\000e\000\040\000R\000e\000f\000e\000r\000e\000n\000c\000e}{chapter.5}% 112
\BOOKMARK [1][-]{section.5.7}{\376\377\000m\000o\000d\000u\000l\000e\000s\000/\000s\000r\000c\000/\000m\000o\000d\000u\000l\000e\000\137\000c\000u\000b\000i\000c\000\137\000i\000n\000d\000i\000c\000e\000s\000.\000f\0009\0000\000\040\000F\000i\000l\000e\000\040\000R\000e\000f\000e\000r\000e\000n\000c\000e}{chapter.5}% 113
\BOOKMARK [1][-]{section.5.8}{\376\377\000m\000o\000d\000u\000l\000e\000s\000/\000s\000r\000c\000/\000m\000o\000d\000u\000l\000e\000\137\000d\000i\000s\000j\000o\000i\000n\000t\000\137\000s\000e\000t\000.\000f\0009\0000\000\040\000F\000i\000l\000e\000\040\000R\000e\000f\000e\000r\000e\000n\000c\000e}{chapter.5}% 114
\BOOKMARK [1][-]{section.5.9}{\376\377\000m\000o\000d\000u\000l\000e\000s\000/\000s\000r\000c\000/\000m\000o\000d\000u\000l\000e\000\137\000g\000r\000a\000v\000i\000t\000y\000.\000f\0009\0000\000\040\000F\000i\000l\000e\000\040\000R\000e\000f\000e\000r\000e\000n\000c\000e}{chapter.5}% 115
\BOOKMARK [1][-]{section.5.10}{\376\377\000m\000o\000d\000u\000l\000e\000s\000/\000s\000r\000c\000/\000m\000o\000d\000u\000l\000e\000\137\000i\000n\000t\000e\000r\000p\000o\000l\000a\000t\000i\000o\000n\000.\000f\0009\0000\000\040\000F\000i\000l\000e\000\040\000R\000e\000f\000e\000r\000e\000n\000c\000e}{chapter.5}% 116
\BOOKMARK [1][-]{section.5.11}{\376\377\000m\000o\000d\000u\000l\000e\000s\000/\000s\000r\000c\000/\000m\000o\000d\000u\000l\000e\000\137\000i\000n\000v\000a\000s\000i\000o\000n\000\137\000p\000e\000r\000c\000o\000l\000a\000t\000i\000o\000n\000.\000f\0009\0000\000\040\000F\000i\000l\000e\000\040\000R\000e\000f\000e\000r\000e\000n\000c\000e}{chapter.5}% 117
\BOOKMARK [1][-]{section.5.12}{\376\377\000m\000o\000d\000u\000l\000e\000s\000/\000s\000r\000c\000/\000m\000o\000d\000u\000l\000e\000\137\000i\000n\000v\000a\000s\000i\000o\000n\000\137\000p\000e\000r\000c\000o\000l\000a\000t\000i\000o\000n\000\137\000c\000o\000n\000s\000t\000a\000n\000t\000s\000.\000f\0009\0000\000\040\000F\000i\000l\000e\000\040\000R\000e\000f\000e\000r\000e\000n\000c\000e}{chapter.5}% 118
\BOOKMARK [1][-]{section.5.13}{\376\377\000m\000o\000d\000u\000l\000e\000s\000/\000s\000r\000c\000/\000m\000o\000d\000u\000l\000e\000\137\000l\000a\000b\000e\000l\000\137\000c\000l\000u\000s\000t\000e\000r\000s\000.\000f\0009\0000\000\040\000F\000i\000l\000e\000\040\000R\000e\000f\000e\000r\000e\000n\000c\000e}{chapter.5}% 119
\BOOKMARK [1][-]{section.5.14}{\376\377\000m\000o\000d\000u\000l\000e\000s\000/\000s\000r\000c\000/\000m\000o\000d\000u\000l\000e\000\137\000r\000a\000n\000d\000o\000m\000\137\000m\000e\000d\000i\000a\000.\000f\0009\0000\000\040\000F\000i\000l\000e\000\040\000R\000e\000f\000e\000r\000e\000n\000c\000e}{chapter.5}% 120
\BOOKMARK [1][-]{section.5.15}{\376\377\000m\000o\000d\000u\000l\000e\000s\000/\000s\000r\000c\000/\000m\000o\000d\000u\000l\000e\000\137\000t\000r\000a\000p\000p\000i\000n\000g\000.\000f\0009\0000\000\040\000F\000i\000l\000e\000\040\000R\000e\000f\000e\000r\000e\000n\000c\000e}{chapter.5}% 121
\BOOKMARK [1][-]{section.5.16}{\376\377\000m\000o\000d\000u\000l\000e\000s\000/\000s\000r\000c\000/\000m\000o\000d\000u\000l\000e\000\137\000w\000r\000i\000t\000e\000\137\000o\000u\000t\000p\000u\000t\000\137\000f\000i\000l\000e\000s\000.\000f\0009\0000\000\040\000F\000i\000l\000e\000\040\000R\000e\000f\000e\000r\000e\000n\000c\000e}{chapter.5}% 122
